2025-02-07 22:37:04 - urllib3.connectionpool - DEBUG - Starting new HTTPS connection (1): petstore.swagger.io:443
2025-02-07 22:37:05 - urllib3.connectionpool - DEBUG - https://petstore.swagger.io:443 "POST /v2/pet/2/uploadImage HTTP/1.1" 200 None
2025-02-07 22:37:05 - ResultManagerClass - INFO - PASSED - Check image data\resources\pupy.png has been POST without error to petID 2
2025-02-07 22:37:05 - TestPetsUploadImages - INFO - The current message content: {"code":200,"type":"unknown","message":"additionalMetadata: null\nFile uploaded to ./pupy.png, 29224 bytes"}
2025-02-07 22:37:05 - ResultManagerClass - INFO - PASSED - PASSED, Assert is Equals - Check the actual code status: 200 has the expected code status: ApiCodeStatus.OK
2025-02-07 22:37:12 - charset_normalizer - DEBUG - Encoding detection: ascii is most likely the one.
2025-02-07 22:38:23 - ResultManagerClass - INFO - PASSED - PASSED, Assert is Equals - Check the actual response message: additionalMetadata: null
File uploaded to ./pupy.png, 29224 bytes is equals to the expected response message: additionalMetadata: null
File uploaded to ./pupy.png, 29224 bytes
2025-02-07 22:38:23 - urllib3.connectionpool - DEBUG - Starting new HTTPS connection (1): petstore.swagger.io:443
2025-02-07 22:38:25 - urllib3.connectionpool - DEBUG - https://petstore.swagger.io:443 "POST /v2/pet/3/uploadImage HTTP/1.1" 200 None
2025-02-07 22:38:25 - ResultManagerClass - INFO - PASSED - Check image data\resources\kitty.avif has been POST without error to petID 3
2025-02-07 22:38:25 - TestPetsUploadImages - INFO - The current message content: {"code":200,"type":"unknown","message":"additionalMetadata: null\nFile uploaded to ./kitty.avif, 23180 bytes"}
2025-02-07 22:38:25 - ResultManagerClass - INFO - PASSED - PASSED, Assert is Equals - Check the actual code status: 200 has the expected code status: ApiCodeStatus.OK
2025-02-07 22:38:25 - charset_normalizer - DEBUG - Encoding detection: ascii is most likely the one.
2025-02-07 22:38:27 - ResultManagerClass - INFO - PASSED - PASSED, Assert is Equals - Check the actual response message: additionalMetadata: null
File uploaded to ./kitty.avif, 23180 bytes is equals to the expected response message: additionalMetadata: null
File uploaded to ./kitty.avif, 23180 bytes
2025-02-07 22:38:27 - urllib3.connectionpool - DEBUG - Starting new HTTPS connection (1): petstore.swagger.io:443
2025-02-07 22:38:28 - urllib3.connectionpool - DEBUG - https://petstore.swagger.io:443 "POST /v2/pet/4/uploadImage HTTP/1.1" 200 None
2025-02-07 22:38:28 - ResultManagerClass - INFO - PASSED - Check image data\resources\hamster.webp has been POST without error to petID 4
2025-02-07 22:38:28 - TestPetsUploadImages - INFO - The current message content: {"code":200,"type":"unknown","message":"additionalMetadata: null\nFile uploaded to ./hamster.webp, 153308 bytes"}
2025-02-07 22:38:28 - ResultManagerClass - INFO - PASSED - PASSED, Assert is Equals - Check the actual code status: 200 has the expected code status: ApiCodeStatus.OK
2025-02-07 22:38:28 - ResultManagerClass - INFO - PASSED - PASSED, Assert is Equals - Check the actual response message: additionalMetadata: null
File uploaded to ./hamster.webp, 153308 bytes is equals to the expected response message: additionalMetadata: null
File uploaded to ./hamster.webp, 153308 bytes
