2025-02-07 23:45:17 - urllib3.connectionpool - DEBUG - Starting new HTTPS connection (1): petstore.swagger.io:443
2025-02-07 23:45:18 - urllib3.connectionpool - DEBUG - https://petstore.swagger.io:443 "POST /v2/pet/2/uploadImage HTTP/1.1" 200 None
2025-02-07 23:45:18 - ResultManagerClass - INFO - PASSED - Check image data\resources\pupy.png has been POST without error to petID 2
2025-02-07 23:45:18 - TestPetsUploadImages - INFO - The current message content: {"code":200,"type":"unknown","message":"additionalMetadata: null\nFile uploaded to ./pupy.png, 29224 bytes"}
2025-02-07 23:45:18 - ResultManagerClass - INFO - PASSED - PASSED, Assert is Equals - Check the actual code status: 200 has the expected code status: ApiCodeStatus.OK
2025-02-07 23:45:18 - ResultManagerClass - INFO - PASSED - PASSED, Assert is Equals - Check the actual response message: additionalMetadata: null
File uploaded to ./pupy.png, 29224 bytes is equals to the expected response message: additionalMetadata: null
File uploaded to ./pupy.png, 29224 bytes
2025-02-07 23:45:18 - TestPetsUploadImages - INFO - Check the actual headers len: 8 is equals to the expected header len: 8
2025-02-07 23:45:18 - ResultManagerClass - INFO - PASSED - PASSED, Assert is Equals - Check the actual headers len: 8 is equals to the expected header len: 8
2025-02-07 23:45:18 - TestPetsUploadImages - INFO - Check the actual header Sat, 08 Feb 2025 05:45:18 GMT vale is equal to the expected header Sat, 08-02-2025 05:45:17 GMT
2025-02-07 23:45:18 - ResultManagerClass - ERROR - FAILED - Check the actual header Sat, 08 Feb 2025 05:45:18 GMT vale is equal to the expected header Sat, 08-02-2025 05:45:17 GMT
2025-02-07 23:45:18 - ResultManagerClass - ERROR - Expected: 'Sat, 08-02-2025 05:45:17 GMT', but got: 'Sat, 08 Feb 2025 05:45:18 GMT'.
2025-02-07 23:45:18 - TestPetsUploadImages - INFO - Check the actual header application/json vale is equal to the expected header application/json
2025-02-07 23:45:18 - ResultManagerClass - INFO - PASSED - PASSED, Assert is Equals - Check the actual header application/json vale is equal to the expected header application/json
2025-02-07 23:45:18 - TestPetsUploadImages - INFO - Check the actual header chunked vale is equal to the expected header chunked
2025-02-07 23:45:18 - ResultManagerClass - INFO - PASSED - PASSED, Assert is Equals - Check the actual header chunked vale is equal to the expected header chunked
2025-02-07 23:45:18 - TestPetsUploadImages - INFO - Check the actual header keep-alive vale is equal to the expected header keep-alive
2025-02-07 23:45:18 - ResultManagerClass - INFO - PASSED - PASSED, Assert is Equals - Check the actual header keep-alive vale is equal to the expected header keep-alive
2025-02-07 23:45:18 - TestPetsUploadImages - INFO - Check the actual header * vale is equal to the expected header *
2025-02-07 23:45:18 - ResultManagerClass - INFO - PASSED - PASSED, Assert is Equals - Check the actual header * vale is equal to the expected header *
2025-02-07 23:45:18 - TestPetsUploadImages - INFO - Check the actual header GET, POST, DELETE, PUT vale is equal to the expected header GET, POST, DELETE, PUT
2025-02-07 23:45:18 - ResultManagerClass - INFO - PASSED - PASSED, Assert is Equals - Check the actual header GET, POST, DELETE, PUT vale is equal to the expected header GET, POST, DELETE, PUT
2025-02-07 23:45:18 - TestPetsUploadImages - INFO - Check the actual header Content-Type, api_key, Authorization vale is equal to the expected header Content-Type, api_key, Authorization
2025-02-07 23:45:18 - ResultManagerClass - INFO - PASSED - PASSED, Assert is Equals - Check the actual header Content-Type, api_key, Authorization vale is equal to the expected header Content-Type, api_key, Authorization
2025-02-07 23:45:18 - TestPetsUploadImages - INFO - Check the actual header Jetty(9.2.9.v20150224) vale is equal to the expected header Jetty(9.2.9.v20150224)
2025-02-07 23:45:18 - ResultManagerClass - INFO - PASSED - PASSED, Assert is Equals - Check the actual header Jetty(9.2.9.v20150224) vale is equal to the expected header Jetty(9.2.9.v20150224)
2025-02-07 23:45:18 - urllib3.connectionpool - DEBUG - Starting new HTTPS connection (1): petstore.swagger.io:443
2025-02-07 23:45:18 - urllib3.connectionpool - DEBUG - https://petstore.swagger.io:443 "POST /v2/pet/3/uploadImage HTTP/1.1" 200 None
2025-02-07 23:45:18 - ResultManagerClass - INFO - PASSED - Check image data\resources\kitty.avif has been POST without error to petID 3
2025-02-07 23:45:18 - TestPetsUploadImages - INFO - The current message content: {"code":200,"type":"unknown","message":"additionalMetadata: null\nFile uploaded to ./kitty.avif, 23180 bytes"}
2025-02-07 23:45:18 - ResultManagerClass - INFO - PASSED - PASSED, Assert is Equals - Check the actual code status: 200 has the expected code status: ApiCodeStatus.OK
2025-02-07 23:45:18 - ResultManagerClass - INFO - PASSED - PASSED, Assert is Equals - Check the actual response message: additionalMetadata: null
File uploaded to ./kitty.avif, 23180 bytes is equals to the expected response message: additionalMetadata: null
File uploaded to ./kitty.avif, 23180 bytes
2025-02-07 23:45:18 - TestPetsUploadImages - INFO - Check the actual headers len: 8 is equals to the expected header len: 8
2025-02-07 23:45:18 - ResultManagerClass - INFO - PASSED - PASSED, Assert is Equals - Check the actual headers len: 8 is equals to the expected header len: 8
2025-02-07 23:45:18 - TestPetsUploadImages - INFO - Check the actual header Sat, 08 Feb 2025 05:45:19 GMT vale is equal to the expected header Sat, 08-02-2025 05:45:18 GMT
2025-02-07 23:45:18 - ResultManagerClass - ERROR - FAILED - Check the actual header Sat, 08 Feb 2025 05:45:19 GMT vale is equal to the expected header Sat, 08-02-2025 05:45:18 GMT
2025-02-07 23:45:18 - ResultManagerClass - ERROR - Expected: 'Sat, 08-02-2025 05:45:18 GMT', but got: 'Sat, 08 Feb 2025 05:45:19 GMT'.
2025-02-07 23:45:18 - TestPetsUploadImages - INFO - Check the actual header application/json vale is equal to the expected header application/json
2025-02-07 23:45:18 - ResultManagerClass - INFO - PASSED - PASSED, Assert is Equals - Check the actual header application/json vale is equal to the expected header application/json
2025-02-07 23:45:18 - TestPetsUploadImages - INFO - Check the actual header chunked vale is equal to the expected header chunked
2025-02-07 23:45:18 - ResultManagerClass - INFO - PASSED - PASSED, Assert is Equals - Check the actual header chunked vale is equal to the expected header chunked
2025-02-07 23:45:18 - TestPetsUploadImages - INFO - Check the actual header keep-alive vale is equal to the expected header keep-alive
2025-02-07 23:45:18 - ResultManagerClass - INFO - PASSED - PASSED, Assert is Equals - Check the actual header keep-alive vale is equal to the expected header keep-alive
2025-02-07 23:45:18 - TestPetsUploadImages - INFO - Check the actual header * vale is equal to the expected header *
2025-02-07 23:45:18 - ResultManagerClass - INFO - PASSED - PASSED, Assert is Equals - Check the actual header * vale is equal to the expected header *
2025-02-07 23:45:18 - TestPetsUploadImages - INFO - Check the actual header GET, POST, DELETE, PUT vale is equal to the expected header GET, POST, DELETE, PUT
2025-02-07 23:45:18 - ResultManagerClass - INFO - PASSED - PASSED, Assert is Equals - Check the actual header GET, POST, DELETE, PUT vale is equal to the expected header GET, POST, DELETE, PUT
2025-02-07 23:45:18 - TestPetsUploadImages - INFO - Check the actual header Content-Type, api_key, Authorization vale is equal to the expected header Content-Type, api_key, Authorization
2025-02-07 23:45:18 - ResultManagerClass - INFO - PASSED - PASSED, Assert is Equals - Check the actual header Content-Type, api_key, Authorization vale is equal to the expected header Content-Type, api_key, Authorization
2025-02-07 23:45:18 - TestPetsUploadImages - INFO - Check the actual header Jetty(9.2.9.v20150224) vale is equal to the expected header Jetty(9.2.9.v20150224)
2025-02-07 23:45:18 - ResultManagerClass - INFO - PASSED - PASSED, Assert is Equals - Check the actual header Jetty(9.2.9.v20150224) vale is equal to the expected header Jetty(9.2.9.v20150224)
2025-02-07 23:45:18 - urllib3.connectionpool - DEBUG - Starting new HTTPS connection (1): petstore.swagger.io:443
2025-02-07 23:45:19 - urllib3.connectionpool - DEBUG - https://petstore.swagger.io:443 "POST /v2/pet/4/uploadImage HTTP/1.1" 200 None
2025-02-07 23:45:19 - ResultManagerClass - INFO - PASSED - Check image data\resources\hamster.webp has been POST without error to petID 4
2025-02-07 23:45:19 - TestPetsUploadImages - INFO - The current message content: {"code":200,"type":"unknown","message":"additionalMetadata: null\nFile uploaded to ./hamster.webp, 153308 bytes"}
2025-02-07 23:45:19 - ResultManagerClass - INFO - PASSED - PASSED, Assert is Equals - Check the actual code status: 200 has the expected code status: ApiCodeStatus.OK
2025-02-07 23:45:19 - ResultManagerClass - INFO - PASSED - PASSED, Assert is Equals - Check the actual response message: additionalMetadata: null
File uploaded to ./hamster.webp, 153308 bytes is equals to the expected response message: additionalMetadata: null
File uploaded to ./hamster.webp, 153308 bytes
2025-02-07 23:45:19 - TestPetsUploadImages - INFO - Check the actual headers len: 8 is equals to the expected header len: 8
2025-02-07 23:45:19 - ResultManagerClass - INFO - PASSED - PASSED, Assert is Equals - Check the actual headers len: 8 is equals to the expected header len: 8
2025-02-07 23:45:19 - TestPetsUploadImages - INFO - Check the actual header Sat, 08 Feb 2025 05:45:19 GMT vale is equal to the expected header Sat, 08-02-2025 05:45:18 GMT
2025-02-07 23:45:19 - ResultManagerClass - ERROR - FAILED - Check the actual header Sat, 08 Feb 2025 05:45:19 GMT vale is equal to the expected header Sat, 08-02-2025 05:45:18 GMT
2025-02-07 23:45:19 - ResultManagerClass - ERROR - Expected: 'Sat, 08-02-2025 05:45:18 GMT', but got: 'Sat, 08 Feb 2025 05:45:19 GMT'.
2025-02-07 23:45:19 - TestPetsUploadImages - INFO - Check the actual header application/json vale is equal to the expected header application/json
2025-02-07 23:45:19 - ResultManagerClass - INFO - PASSED - PASSED, Assert is Equals - Check the actual header application/json vale is equal to the expected header application/json
2025-02-07 23:45:19 - TestPetsUploadImages - INFO - Check the actual header chunked vale is equal to the expected header chunked
2025-02-07 23:45:19 - ResultManagerClass - INFO - PASSED - PASSED, Assert is Equals - Check the actual header chunked vale is equal to the expected header chunked
2025-02-07 23:45:19 - TestPetsUploadImages - INFO - Check the actual header keep-alive vale is equal to the expected header keep-alive
2025-02-07 23:45:19 - ResultManagerClass - INFO - PASSED - PASSED, Assert is Equals - Check the actual header keep-alive vale is equal to the expected header keep-alive
2025-02-07 23:45:19 - TestPetsUploadImages - INFO - Check the actual header * vale is equal to the expected header *
2025-02-07 23:45:19 - ResultManagerClass - INFO - PASSED - PASSED, Assert is Equals - Check the actual header * vale is equal to the expected header *
2025-02-07 23:45:19 - TestPetsUploadImages - INFO - Check the actual header GET, POST, DELETE, PUT vale is equal to the expected header GET, POST, DELETE, PUT
2025-02-07 23:45:19 - ResultManagerClass - INFO - PASSED - PASSED, Assert is Equals - Check the actual header GET, POST, DELETE, PUT vale is equal to the expected header GET, POST, DELETE, PUT
2025-02-07 23:45:19 - TestPetsUploadImages - INFO - Check the actual header Content-Type, api_key, Authorization vale is equal to the expected header Content-Type, api_key, Authorization
2025-02-07 23:45:19 - ResultManagerClass - INFO - PASSED - PASSED, Assert is Equals - Check the actual header Content-Type, api_key, Authorization vale is equal to the expected header Content-Type, api_key, Authorization
2025-02-07 23:45:19 - TestPetsUploadImages - INFO - Check the actual header Jetty(9.2.9.v20150224) vale is equal to the expected header Jetty(9.2.9.v20150224)
2025-02-07 23:45:19 - ResultManagerClass - INFO - PASSED - PASSED, Assert is Equals - Check the actual header Jetty(9.2.9.v20150224) vale is equal to the expected header Jetty(9.2.9.v20150224)
2025-02-07 23:45:27 - urllib3.connectionpool - DEBUG - Starting new HTTPS connection (1): petstore.swagger.io:443
2025-02-07 23:45:28 - urllib3.connectionpool - DEBUG - https://petstore.swagger.io:443 "POST /v2/pet/2/uploadImage HTTP/1.1" 415 None
2025-02-07 23:45:40 - ResultManagerClass - ERROR - FAILED - Check POST request without error to petID 2
2025-02-07 23:45:44 - TestPetsUploadImages - INFO - None
